Uploading 100 PDFs to notebook d9265824-3383-4fd4-8d17-03512a338ee5
Started at: 2026. 04. 14. (화) 20:16:13 KST
[3] OK: 162_2022_Mennen_Real-time_neurofeedback_to_alter_interpretations_of_a_naturalistic_narrative.pdf
[2] OK: 139_2023_Jangraw_Inter-subject_correlation_during_long_narratives_reveals_widespread_neural_corre.pdf
[1] OK: 189_2021_Jääskeläinen_Movies_and_narratives_as_naturalistic_stimuli_in_neuroimaging.pdf
[4] OK: 008_2026_Ye_Resilience-related_neural_similarity_during_naturalistic_movie_watching.pdf
[6] OK: 002_2026_Steeby_Naturalistic_movie_viewing_is_an_effective_functional_localizer_of_the_fusiform.pdf
[5] OK: 010_2026_Chen_Context_modulates_brain_state_dynamics_and_behavioral_responses_during_narrative.pdf
[8] OK: 040_2025_Wallace_Mapping_patterns_of_thought_onto_brain_activity_during_movie-watching.pdf
[7] OK: 045_2025_Yang_The_effects_of_sex_and_age_on_movie-watching_functional_connectivity_and_movie_c.pdf
[9] OK: 065_2025_Hu_Neural_processing_of_naturalistic_audiovisual_events_in_space_and_time.pdf
[10] OK: 057_2025_Liu_Tripartite_organization_of_brain_state_dynamics_underlying_spoken_narrative_comp.pdf
[12] OK: 053_2025_Park_Hippocampal_systems_for_event_encoding_and_sequencing_during_ongoing_narrative_c.pdf
[11] OK: 055_2025_Entenmann_Closing_the_diagnostic_gap__A_narrative_review_of_recent_advances_in_functional.pdf
[16] OK: 169_2022_Chang_Information_flow_across_the_cortical_timescale_hierarchy_during_narrative_constr.pdf
[15] OK: 120_2023_Gong_Phonemic_segmentation_of_narrative_speech_in_human_cerebral_cortex.pdf
[14] OK: 076_2024_Kolisnyk_Assessing_the_consistency_and_sensitivity_of_the_neural_correlates_of_narrative.pdf
[13] OK: 046_2025_Kirk_The_Relations_Among_Anxiety__Movie-Watching__and_in-Scanner_Motion.pdf
[18] OK: 147_2022_Castrellon_Neural_Support_for_Contributions_of_Utility_and_Narrative_Processing_of_Evidence.pdf
[17] OK: 160_2022_Masís-Obando_Schema_representations_in_distinct_brain_networks_support_narrative_memory_durin.pdf
[19] OK: 197_2021_Song_Neural_signatures_of_attentional_engagement_during_narratives_and_its_consequenc.pdf
[20] OK: 198_2021_Song_Cognitive_and_Neural_State_Dynamics_of_Narrative_Comprehension.pdf
[21] OK: 060_2025_Jahanian_Multivariate_Pattern_Analysis_of_EEG_Reveals_Neural_Mechanism_of_Naturalistic_Ta.pdf
[24] OK: 039_2025_Plikat_Hierarchical_surprise_signals_in_naturalistic_violation_of_expectations.pdf
[22] OK: 022_2025_Oetringer_Temporal_propagation_of_neural_state_boundaries_in_naturalistic_context.pdf
[23] OK: 018_2025_Kwon_Coordinated_representations_for_naturalistic_memory_encoding_and_retrieval_in_hi.pdf
[28] OK: 069_2024_Kewenig_When_abstract_becomes_concrete__naturalistic_encoding_of_concepts_in_the_brain.pdf
[26] OK: 086_2024_Tripathy_Mapping_brain_function_in_adults_and_young_children_during_naturalistic_viewing.pdf
[27] OK: 082_2024_Ntoumanis_Deciphering_the_neural_responses_to_a_naturalistic_persuasive_message.pdf
[25] OK: 102_2024_Qiu_Neural_substrates_of_affective_temperaments__An_intersubject_representational_si.pdf
[32] OK: 167_2022_Zadbood_Neural_representations_of_naturalistic_events_are_updated_as_our_understanding_o.pdf
[31] OK: 114_2023_Vries_Predictive_neural_representations_of_naturalistic_dynamic_input.pdf
[29] OK: 078_2024_Ju_Decoding_the_dynamic_perception_of_risk_and_speed_using_naturalistic_stimuli__A.pdf
[30] OK: 135_2023_Jiahui_Modeling_naturalistic_face_processing_in_humans_with_deep_convolutional_neural_n.pdf
[36] OK: 180_2021_Gilmore_Dynamic_Content_Reactivation_Supports_Naturalistic_Autobiographical_Recall_in_Hu.pdf
[34] OK: 185_2021_Sanchez-Alonso_Functional_connectivity_patterns_predict_naturalistic_viewing_versus_rest_across.pdf
[35] OK: 192_2021_Hebscher_Enhanced_reinstatement_of_naturalistic_event_memories_due_to_hippocampal-network.pdf
[33] OK: 174_2022_Lee_Predicting_memory_from_the_network_structure_of_naturalistic_events.pdf
[40] OK: 034_2025_Kronberg_Shared_orbitofrontal_dynamics_to_a_drug-themed_movie_track_craving_and_recovery.pdf
[37] OK: 062_2025_Kirk_Extending_insights_from_LeDoux__using_movies_to_study_subjective__clinically_mea.pdf
[38] OK: 028_2025_Rastelli_Neural_dynamics_of_semantic_control_underlying_generative_storytelling.pdf
[39] OK: 049_2025_Hughes_Functional_reconfiguration_between_rest_and_movie_watching_relates_to_theory-of-.pdf
[41] OK: 036_2025_Shearer_Comparing_reliability-based_measures_of_functional_connectivity_between_movie_an.pdf
[44] OK: 073_2024_Kirk_Preliminary_evidence_for_altered_brain-heart_coherence_during_anxiogenic_movies.pdf
[43] OK: 059_2025_Ellis_Movies_reveal_the_fine-grained_organization_of_infant_visual_cortex.pdf
[42] OK: 024_2025_Subramani_Structure-function_coupling_and_decoupling_during_movie_watching_and_resting_sta.pdf
[46] OK: 125_2023_Jiahui_Cross-movie_prediction_of_individualized_functional_topography.pdf
[47] OK: 173_2022_Cohen_Developmental_changes_in_story-evoked_responses_in_the_neocortex_and_hippocampus.pdf
[48] OK: 005_2026_Zanini_Mapping_functional_homologies_between_human_and_marmoset_brain_networks_using_mo.pdf
[45] OK: 126_2023_Yang_The_default_network_dominates_neural_responses_to_evolving_movie_stories.pdf
[52] OK: 031_2025_Li_Stimulus_Selection_Influences_Prediction_of_Individual_Phenotypes_in_Naturalisti.pdf
[49] OK: 011_2026_Song_Geometry_of_neural_dynamics_along_the_cortical_attractor_landscape_reflects_chan.pdf
[50] OK: 003_2026_Shearer_Considering_brain_state_for_individualized_functional_connectivity-based_rTMS.pdf
[51] OK: 025_2025_Braun_Shared_disbelief_and_shared_belief__Belief_and_disbelief_as_drivers_of_interpers.pdf
[56] OK: 020_2025_Manoli_Functional_recruitment_and_connectivity_of_the_cerebellum_is_associated_with_the.pdf
[55] OK: 032_2025_Vinken_Mapping_macaque_to_human_cortex_with_natural_scene_responses.pdf
[54] OK: 056_2025_Li_Mother-child_dyadic_interactions_shape_the_developing_social_brain_and_Theory_of.pdf
[53] OK: 017_2025_Saarimäki_Cerebral_topographies_of_perceived_and_felt_emotions.pdf
[60] OK: 058_2025_Koirala_The_neural_characteristics_influencing_literacy_outcome_in_children_with_cochlea.pdf
[57] OK: 064_2025_Tang_Semantic_language_decoding_across_participants_and_stimulus_modalities.pdf
[59] OK: 033_2025_Li_Similar_trajectories_of_psychological_states_predict_marital_satisfaction.pdf
[58] OK: 014_2025_Rossi_Characterizing_dynamic_functional_connectivity_subnetwork_contributions_in_narra.pdf
[62] OK: 066_2025_Kamps_Representation_of_navigational_affordances_and_ego-motion_in_the_occipital_place.pdf
[63] OK: 021_2025_Oetringer_The_neural_basis_of_event_segmentation__Stable_features_in_the_environment_are_r.pdf
[61] OK: 063_2025_Yazin_Fragmentation_and_multithreading_of_experience_in_the_default-mode_network.pdf
[64] OK: 048_2025_Park_Motion-corrected_eye_tracking_improves_gaze_accuracy_during_visual_fMRI_experime.pdf
[65] OK: 037_2025_Wang_Revealing_the_co-existence_of_written_and_spoken_language_coding_neural_populati.pdf
[67] OK: 038_2025_Lu_Human_EEG_and_artificial_neural_networks_reveal_disentangled_representations_and.pdf
[66] OK: 013_2025_Im_Early_Neural_Development_of_Social_Interaction_Perception__Evidence_from_Voxel-W.pdf
[68] OK: 027_2025_Zhu_Advanced_neuroimaging_techniques_to_decipher_brain_connectivity_networks_in_pati.pdf
[70] OK: 047_2025_Zhang_Oxytocin_and_vasopressin_enhance_social_pain_empathy_via_common_and_distinct_of.pdf
[69] OK: 019_2025_Kumar_From_Speech_Semantics_to_Brain_Activity-Timescales_Are_Key_in_Their_Information.pdf
[71] OK: 052_2025_Guest_Processing_of_natural_scenes_in_the_human_pulvinar.pdf
[72] OK: 054_2025_Rai_How_much_is__enough___Considerations_for_functional_connectivity_reliability_in.pdf
[75] OK: 080_2024_Sievers_Consensus-building_conversation_leads_to_neural_alignment.pdf
[73] OK: 079_2024_Carreiras_Sniffing_out_meaning__Chemosensory_and_semantic_neural_network_changes_in_sommel.pdf
[74] OK: 093_2024_Huang_Replay-triggered_brain-wide_activation_in_humans.pdf
[76] OK: 081_2024_Zada_A_shared_model-based_linguistic_space_for_transmitting_our_thoughts_from_brain_t.pdf
[80] OK: 072_2024_Meliss_Broad_brain_networks_support_curiosity-motivated_incidental_learning_of_naturali.pdf
[79] OK: 094_2024_Iriye_Sense_of_own_body_shapes_neural_processes_of_memory_encoding_and_reinstatement.pdf
[77] OK: 096_2024_Chamberlain_High_performers_demonstrate_greater_neural_synchrony_than_low_performers_across.pdf
[78] OK: 083_2024_Jeganathan_Integrating_anatomical_and_functional_landmarks_for_interparticipant_alignment_o.pdf
[82] OK: 095_2024_Botch_Neural_Representations_of_Concreteness_and_Concrete_Concepts_Are_Specific_to_the.pdf
[81] OK: 100_2024_Schneider_Limited_but_specific_engagement_of_the_mature_language_network_during_linguistic.pdf
[83] OK: 071_2024_Li_How_does_the_human_brain_process_noisy_speech_in_real_life__Insights_from_the_se.pdf
[84] OK: 068_2024_Pacella_The_morphospace_of_the_brain-cognition_organisation.pdf
[86] OK: 088_2024_Nanni-Zepeda_Neural_signatures_of_shared_subjective_affective_engagement_and_disengagement_du.pdf
[87] OK: 085_2024_Chen_The_cortical_representation_of_language_timescales_is_shared_between_reading_and.pdf
[85] OK: 074_2024_Kim_Brain_decoding_of_spontaneous_thought__Predictive_modeling_of_self-relevance_and.pdf
[88] OK: 103_2024_Chai_Unlocking_near-whole-brain__layer-specific_functional_connectivity_with_3D_VAPER.pdf
[91] OK: 090_2024_Corriveau-Lecavalier_Cerebral_hyperactivation_across_the_Alzheimer_s_disease_pathological_cascade.pdf
[92] OK: 089_2024_Kong_Cerebellum_and_social_abilities__A_structural_and_functional_connectivity_study.pdf
[90] OK: 097_2024_Bravo_Dissonant_music_engages_early_visual_processing.pdf
[89] OK: 104_2024_Yang_Intensive_whole-brain_7T_MRI_case_study_of_volitional_control_of_brain_activity.pdf
[94] OK: 133_2023_Hodono_Initial_experiences_with_Direct_Imaging_of_Neuronal_Activity__DIANA__in_humans.pdf
[96] OK: 123_2023_Putkinen_Pattern_recognition_reveals_sex-dependent_neural_substrates_of_sexual_perception.pdf
[93] OK: 122_2023_Chen_Alpha-frequency_feedback_to_early_visual_cortex_orchestrates_coherent_naturalist.pdf
[95] OK: 128_2023_Santavirta_Functional_organization_of_social_perception_networks_in_the_human_brain.pdf
[100] OK: 130_2023_Sastry_Stability_of_sensorimotor_network_sculpts_the_dynamic_repertoire_of_resting_stat.pdf
[98] OK: 121_2023_Dureux_Gaze_patterns_and_brain_activations_in_humans_and_marmosets_in_the_Frith-Happé_t.pdf
[97] OK: 109_2023_Prenger_Establishing_the_Roles_of_the_Dorsal_and_Ventral_Striatum_in_Humor_Comprehension.pdf
[99] OK: 134_2023_Sava-Segal_Individual_differences_in_neural_event_segmentation_of_continuous_experiences.pdf

Done at: 2026. 04. 14. (화) 20:19:33 KST
Summary:
  Successful: 100
  Failed: 0
